{
  "RSpec": {
    "coverage": {
      "/Users/koominsoo/Development/Ruby/aurora/aurora_backend/app/controllers/users_controller.rb": {
        "lines": [
          1,
          1,
          1,
          null,
          1,
          0,
          null,
          null,
          1,
          0,
          null,
          null,
          1,
          1,
          1,
          1,
          null,
          0,
          null,
          null,
          null,
          1,
          0,
          null,
          null,
          1,
          0,
          null,
          null,
          1,
          null,
          1,
          0,
          null,
          0,
          null,
          null,
          1,
          1,
          null,
          null
        ]
      },
      "/Users/koominsoo/Development/Ruby/aurora/aurora_backend/app/controllers/api_controller.rb": {
        "lines": [
          1,
          1,
          0,
          null,
          null,
          1,
          null,
          1,
          null,
          0,
          0,
          0,
          null,
          0,
          null,
          0,
          null,
          null,
          null,
          1,
          null,
          0,
          0,
          null,
          0,
          null,
          null,
          null,
          1,
          null,
          1,
          0,
          0,
          null,
          null,
          null,
          1,
          0,
          null,
          null
        ]
      },
      "/Users/koominsoo/Development/Ruby/aurora/aurora_backend/app/serializers/user_serializer.rb": {
        "lines": [
          1,
          1,
          null
        ]
      },
      "/Users/koominsoo/Development/Ruby/aurora/aurora_backend/app/mailers/application_mailer.rb": {
        "lines": [
          0,
          0,
          0,
          0
        ],
        "branches": {
        }
      },
      "/Users/koominsoo/Development/Ruby/aurora/aurora_backend/app/mailers/admin_mailer.rb": {
        "lines": [
          0,
          0,
          null,
          0,
          0,
          0,
          0,
          0,
          null,
          0,
          0,
          0,
          0,
          0,
          0
        ],
        "branches": {
        }
      },
      "/Users/koominsoo/Development/Ruby/aurora/aurora_backend/app/models/payment.rb": {
        "lines": [
          0,
          0,
          null,
          0,
          0,
          null,
          0,
          0,
          0,
          0,
          0,
          null,
          0,
          0,
          0,
          null,
          0,
          0,
          0,
          0,
          0
        ],
        "branches": {
        }
      },
      "/Users/koominsoo/Development/Ruby/aurora/aurora_backend/app/models/report.rb": {
        "lines": [
          0,
          0,
          null,
          0,
          0,
          null,
          0,
          null,
          0,
          0,
          0,
          0,
          0,
          null,
          0,
          0,
          0,
          null,
          0,
          0,
          0,
          0,
          null,
          0,
          0,
          0,
          0
        ],
        "branches": {
        }
      },
      "/Users/koominsoo/Development/Ruby/aurora/aurora_backend/app/models/sale.rb": {
        "lines": [
          0,
          0
        ],
        "branches": {
        }
      },
      "/Users/koominsoo/Development/Ruby/aurora/aurora_backend/app/models/history.rb": {
        "lines": [
          0,
          0,
          null,
          0,
          0,
          null,
          0,
          0,
          0,
          0,
          0,
          0,
          null,
          0,
          null,
          0,
          0,
          0,
          null,
          0,
          0,
          0,
          null,
          0,
          0,
          0,
          0,
          null,
          0,
          0,
          0,
          0,
          0,
          0,
          0,
          0
        ],
        "branches": {
        }
      },
      "/Users/koominsoo/Development/Ruby/aurora/aurora_backend/app/models/mention.rb": {
        "lines": [
          0,
          0
        ],
        "branches": {
        }
      },
      "/Users/koominsoo/Development/Ruby/aurora/aurora_backend/app/models/filter.rb": {
        "lines": [
          0,
          null,
          0,
          null,
          0,
          0,
          0,
          0,
          null,
          null,
          0
        ],
        "branches": {
        }
      },
      "/Users/koominsoo/Development/Ruby/aurora/aurora_backend/app/models/like.rb": {
        "lines": [
          0,
          0
        ],
        "branches": {
        }
      },
      "/Users/koominsoo/Development/Ruby/aurora/aurora_backend/app/models/line_filter.rb": {
        "lines": [
          0,
          0,
          0,
          0,
          null,
          0,
          0,
          null,
          0,
          0,
          0,
          0
        ],
        "branches": {
        }
      },
      "/Users/koominsoo/Development/Ruby/aurora/aurora_backend/app/models/order.rb": {
        "lines": [
          0,
          0,
          null,
          0,
          0,
          null,
          0,
          0,
          0,
          0,
          0,
          0,
          0,
          null,
          0,
          0,
          0,
          null,
          0,
          0,
          0,
          null,
          0,
          0,
          0,
          null,
          0,
          0,
          0,
          0,
          null,
          0,
          0,
          0,
          0,
          0
        ],
        "branches": {
        }
      },
      "/Users/koominsoo/Development/Ruby/aurora/aurora_backend/app/models/comment.rb": {
        "lines": [
          0,
          0,
          null,
          0,
          0,
          0,
          0
        ],
        "branches": {
        }
      },
      "/Users/koominsoo/Development/Ruby/aurora/aurora_backend/app/models/admin_user.rb": {
        "lines": [
          0,
          null,
          null,
          0,
          0,
          0
        ],
        "branches": {
        }
      },
      "/Users/koominsoo/Development/Ruby/aurora/aurora_backend/app/models/follow.rb": {
        "lines": [
          0,
          0
        ],
        "branches": {
        }
      },
      "/Users/koominsoo/Development/Ruby/aurora/aurora_backend/app/models/application_record.rb": {
        "lines": [
          0,
          0,
          0
        ],
        "branches": {
        }
      },
      "/Users/koominsoo/Development/Ruby/aurora/aurora_backend/app/models/post.rb": {
        "lines": [
          0,
          null,
          0,
          null,
          0,
          0,
          null,
          0,
          0,
          null,
          0,
          0,
          null,
          0,
          0
        ],
        "branches": {
        }
      },
      "/Users/koominsoo/Development/Ruby/aurora/aurora_backend/app/models/user_filter.rb": {
        "lines": [
          0,
          0,
          0,
          0
        ],
        "branches": {
        }
      },
      "/Users/koominsoo/Development/Ruby/aurora/aurora_backend/app/models/package.rb": {
        "lines": [
          0,
          0,
          0
        ],
        "branches": {
        }
      },
      "/Users/koominsoo/Development/Ruby/aurora/aurora_backend/app/models/concerns/commentable.rb": {
        "lines": [
          0,
          0,
          0,
          0,
          0,
          null,
          0,
          0,
          0,
          null,
          0,
          0,
          0
        ],
        "branches": {
        }
      },
      "/Users/koominsoo/Development/Ruby/aurora/aurora_backend/app/models/user.rb": {
        "lines": [
          0,
          null,
          null,
          0,
          0,
          0,
          0,
          0,
          0,
          0,
          0,
          null,
          0,
          0,
          0,
          0,
          0,
          null,
          0,
          0,
          0,
          0,
          0,
          null,
          0,
          0
        ],
        "branches": {
        }
      },
      "/Users/koominsoo/Development/Ruby/aurora/aurora_backend/app/serializers/line_filter_serializer.rb": {
        "lines": [
          0,
          0,
          null,
          0,
          0,
          0,
          null,
          0,
          0,
          0,
          0,
          null,
          0,
          0,
          0,
          0,
          0,
          0,
          0,
          0,
          null,
          0,
          0,
          0,
          0,
          0
        ],
        "branches": {
        }
      },
      "/Users/koominsoo/Development/Ruby/aurora/aurora_backend/app/serializers/comment_serializer.rb": {
        "lines": [
          0,
          0,
          null,
          0,
          0,
          0,
          0,
          0,
          0,
          0,
          null,
          0,
          0,
          0,
          0,
          null,
          0,
          0,
          0,
          0,
          0
        ],
        "branches": {
        }
      },
      "/Users/koominsoo/Development/Ruby/aurora/aurora_backend/app/serializers/post_serializer.rb": {
        "lines": [
          0,
          0,
          0,
          null,
          0,
          0,
          0,
          null,
          0,
          0,
          0,
          0,
          0,
          null,
          0,
          0,
          0,
          0,
          0,
          null,
          0,
          0,
          0,
          0,
          null,
          0,
          0,
          0,
          0,
          0,
          null,
          0,
          0,
          0,
          0,
          0,
          null,
          0,
          0,
          0,
          0,
          null,
          0,
          0,
          0,
          null,
          0,
          0,
          0,
          0
        ],
        "branches": {
        }
      },
      "/Users/koominsoo/Development/Ruby/aurora/aurora_backend/app/serializers/filter_serializer.rb": {
        "lines": [
          0,
          0,
          null,
          0,
          0,
          0,
          null,
          0,
          0,
          0,
          0,
          0,
          null,
          0,
          0,
          0,
          0,
          null,
          0,
          0,
          0,
          0
        ],
        "branches": {
        }
      },
      "/Users/koominsoo/Development/Ruby/aurora/aurora_backend/app/serializers/history_serializer.rb": {
        "lines": [
          0,
          0,
          null,
          0,
          0,
          0,
          null,
          0,
          0,
          0,
          0,
          null,
          0,
          0,
          0,
          0,
          null,
          0,
          0,
          0,
          0,
          null,
          0,
          0,
          0,
          0
        ],
        "branches": {
        }
      },
      "/Users/koominsoo/Development/Ruby/aurora/aurora_backend/app/lib/json_web_token.rb": {
        "lines": [
          0,
          0,
          null,
          0,
          0,
          0,
          0,
          null,
          0,
          0,
          0,
          0,
          0
        ],
        "branches": {
        }
      },
      "/Users/koominsoo/Development/Ruby/aurora/aurora_backend/app/jobs/application_job.rb": {
        "lines": [
          0,
          null,
          null,
          null,
          null,
          null,
          0
        ],
        "branches": {
        }
      },
      "/Users/koominsoo/Development/Ruby/aurora/aurora_backend/app/controllers/application_controller.rb": {
        "lines": [
          0,
          0,
          null,
          0,
          0,
          0,
          null,
          0,
          0,
          0,
          0,
          null,
          0,
          null,
          0,
          0,
          0,
          null,
          0
        ],
        "branches": {
        }
      },
      "/Users/koominsoo/Development/Ruby/aurora/aurora_backend/app/controllers/comments_controller.rb": {
        "lines": [
          0,
          0,
          0,
          0,
          null,
          0,
          0,
          0,
          0,
          null,
          0,
          0,
          0,
          null,
          0,
          0,
          0,
          0,
          null,
          0,
          0,
          0,
          0,
          null,
          0,
          0,
          0,
          null,
          0,
          null,
          0,
          0,
          0,
          0,
          0,
          0,
          null,
          0,
          0,
          0,
          null,
          0,
          0,
          null,
          0,
          null,
          0,
          0,
          0,
          0,
          null,
          0
        ],
        "branches": {
        }
      },
      "/Users/koominsoo/Development/Ruby/aurora/aurora_backend/app/controllers/authentication_controller.rb": {
        "lines": [
          0,
          0,
          null,
          0,
          0,
          0,
          0,
          0,
          0,
          0,
          0,
          0,
          null,
          0,
          null,
          0,
          0,
          0,
          0
        ],
        "branches": {
        }
      },
      "/Users/koominsoo/Development/Ruby/aurora/aurora_backend/app/controllers/orders_controller.rb": {
        "lines": [
          0,
          0,
          0,
          0,
          null,
          0,
          0,
          0,
          0,
          null,
          0,
          0,
          0,
          0,
          null,
          0,
          0,
          0,
          0,
          0,
          0,
          0,
          0,
          0,
          0,
          0,
          0,
          0,
          null,
          0,
          null,
          0,
          0,
          0,
          0,
          0,
          0,
          0,
          null,
          0,
          null,
          0,
          0,
          0,
          null,
          0,
          0,
          0,
          null,
          0,
          0,
          0,
          null,
          0,
          0,
          0,
          null,
          0
        ],
        "branches": {
        }
      },
      "/Users/koominsoo/Development/Ruby/aurora/aurora_backend/app/controllers/histories_controller.rb": {
        "lines": [
          0,
          0,
          0,
          null,
          0,
          0,
          0,
          0,
          null,
          0,
          0,
          0,
          0,
          0,
          null,
          0,
          null,
          0,
          0,
          0,
          0
        ],
        "branches": {
        }
      },
      "/Users/koominsoo/Development/Ruby/aurora/aurora_backend/app/controllers/likes_controller.rb": {
        "lines": [
          0,
          0,
          0,
          null,
          0,
          0,
          0,
          null,
          0,
          null,
          0,
          0,
          0,
          0,
          0,
          0,
          0,
          0
        ],
        "branches": {
        }
      },
      "/Users/koominsoo/Development/Ruby/aurora/aurora_backend/app/controllers/reports_controller.rb": {
        "lines": [
          0,
          0,
          null,
          0,
          0,
          0,
          0,
          0,
          null,
          0,
          null,
          0,
          0,
          0,
          0
        ],
        "branches": {
        }
      },
      "/Users/koominsoo/Development/Ruby/aurora/aurora_backend/app/controllers/payments_controller.rb": {
        "lines": [
          0,
          0,
          null,
          0,
          0,
          0,
          0,
          null,
          0,
          0,
          0,
          null,
          0,
          0,
          0,
          0,
          0,
          null,
          0,
          0,
          null,
          0,
          null,
          0,
          0,
          0,
          0,
          0,
          0,
          0,
          0,
          0,
          0,
          0,
          0,
          null,
          0,
          0,
          null,
          0,
          null,
          0,
          0,
          0,
          null,
          0,
          0,
          0,
          null,
          0
        ],
        "branches": {
        }
      },
      "/Users/koominsoo/Development/Ruby/aurora/aurora_backend/app/controllers/home_controller.rb": {
        "lines": [
          0,
          0,
          null,
          0,
          0,
          0,
          0,
          null,
          0,
          0,
          0,
          0,
          0,
          0,
          0,
          0,
          null,
          0,
          0,
          null,
          0,
          0,
          0,
          0,
          0,
          null,
          0,
          0,
          null,
          0,
          0,
          0,
          0,
          null,
          0
        ],
        "branches": {
        }
      },
      "/Users/koominsoo/Development/Ruby/aurora/aurora_backend/app/controllers/line_filters_controller.rb": {
        "lines": [
          0,
          0,
          0,
          0,
          null,
          0,
          0,
          0,
          0,
          null,
          0,
          0,
          0,
          null,
          0,
          0,
          0,
          0,
          0,
          0,
          0,
          0,
          0,
          0,
          0,
          null,
          0,
          0,
          0,
          0,
          0,
          0,
          0,
          0,
          null,
          0,
          0,
          0,
          0,
          0,
          null,
          0,
          0,
          0,
          0,
          0,
          0,
          null,
          0,
          null,
          0,
          0,
          0,
          null,
          0,
          0,
          0,
          null,
          0,
          0,
          0,
          null,
          0
        ],
        "branches": {
        }
      },
      "/Users/koominsoo/Development/Ruby/aurora/aurora_backend/app/controllers/posts_controller.rb": {
        "lines": [
          0,
          0,
          0,
          null,
          0,
          0,
          null,
          null,
          0,
          0,
          0,
          null,
          0,
          0,
          0,
          0,
          0,
          null,
          0,
          0,
          0,
          null,
          0,
          0,
          0,
          null,
          0,
          0,
          0,
          0,
          0,
          0,
          0,
          0,
          0,
          null,
          0,
          0,
          0,
          0,
          null,
          0,
          0,
          0,
          0,
          0,
          0,
          0,
          0,
          0,
          0,
          0,
          0,
          null,
          0,
          null,
          0,
          0,
          0,
          null,
          0,
          0,
          0,
          0,
          null,
          0,
          0,
          0,
          0,
          0,
          null,
          0,
          0,
          0,
          null,
          0,
          0,
          0,
          0,
          0,
          0,
          0,
          0,
          0,
          null,
          0
        ],
        "branches": {
        }
      },
      "/Users/koominsoo/Development/Ruby/aurora/aurora_backend/app/controllers/filters_controller.rb": {
        "lines": [
          0,
          0,
          0,
          null,
          0,
          0,
          0,
          null,
          0,
          0,
          0,
          null,
          0,
          0,
          0,
          0,
          null,
          0,
          0,
          0,
          0,
          null,
          0,
          0,
          0,
          0,
          0,
          0,
          null,
          0,
          null,
          0,
          0,
          0,
          null,
          0,
          0,
          0,
          0
        ],
        "branches": {
        }
      },
      "/Users/koominsoo/Development/Ruby/aurora/aurora_backend/app/controllers/follows_controller.rb": {
        "lines": [
          0,
          0,
          0,
          null,
          0,
          0,
          0,
          0,
          null,
          0,
          0,
          0,
          null,
          0,
          null,
          0,
          0,
          0,
          0,
          0,
          0,
          0,
          0
        ],
        "branches": {
        }
      },
      "/Users/koominsoo/Development/Ruby/aurora/aurora_backend/app/channels/application_cable/connection.rb": {
        "lines": [
          0,
          0,
          0,
          0
        ],
        "branches": {
        }
      },
      "/Users/koominsoo/Development/Ruby/aurora/aurora_backend/app/channels/application_cable/channel.rb": {
        "lines": [
          0,
          0,
          0,
          0
        ],
        "branches": {
        }
      }
    },
    "timestamp": 1593927659
  }
}
